<?xml version="1.0" encoding="UTF-8" ?>
<testsuite tests="25" failures="0" name="com.blade.BladeTest" time="9.951" errors="0" skipped="0">
  <properties>
    <property name="java.runtime.name" value="Java(TM) SE Runtime Environment"/>
    <property name="sun.boot.library.path" value="/usr/java/jdk1.8.0_191-amd64/jre/lib/amd64"/>
    <property name="java.vm.version" value="25.191-b12"/>
    <property name="java.vm.vendor" value="Oracle Corporation"/>
    <property name="java.vendor.url" value="http://java.oracle.com/"/>
    <property name="path.separator" value=":"/>
    <property name="guice.disable.misplaced.annotation.check" value="true"/>
    <property name="java.vm.name" value="Java HotSpot(TM) 64-Bit Server VM"/>
    <property name="file.encoding.pkg" value="sun.io"/>
    <property name="user.country" value="US"/>
    <property name="sun.java.launcher" value="SUN_STANDARD"/>
    <property name="sun.os.patch.level" value="unknown"/>
    <property name="java.vm.specification.name" value="Java Virtual Machine Specification"/>
    <property name="user.dir" value="/root/code/java/git/t1"/>
    <property name="java.runtime.version" value="1.8.0_191-b12"/>
    <property name="java.awt.graphicsenv" value="sun.awt.X11GraphicsEnvironment"/>
    <property name="java.endorsed.dirs" value="/usr/java/jdk1.8.0_191-amd64/jre/lib/endorsed"/>
    <property name="os.arch" value="amd64"/>
    <property name="java.io.tmpdir" value="/tmp"/>
    <property name="line.separator" value="
"/>
    <property name="java.vm.specification.vendor" value="Oracle Corporation"/>
    <property name="os.name" value="Linux"/>
    <property name="classworlds.conf" value="/usr/share/maven/bin/m2.conf"/>
    <property name="sun.jnu.encoding" value="UTF-8"/>
    <property name="java.library.path" value="/usr/java/packages/lib/amd64:/usr/lib64:/lib64:/lib:/usr/lib"/>
    <property name="java.specification.name" value="Java Platform API Specification"/>
    <property name="java.class.version" value="52.0"/>
    <property name="sun.management.compiler" value="HotSpot 64-Bit Tiered Compilers"/>
    <property name="os.version" value="3.10.0-123.el7.x86_64"/>
    <property name="user.home" value="/root"/>
    <property name="user.timezone" value="Asia/Shanghai"/>
    <property name="java.awt.printerjob" value="sun.print.PSPrinterJob"/>
    <property name="file.encoding" value="UTF-8"/>
    <property name="java.specification.version" value="1.8"/>
    <property name="user.name" value="root"/>
    <property name="java.class.path" value="/usr/share/maven/boot/plexus-classworlds.jar"/>
    <property name="java.vm.specification.version" value="1.8"/>
    <property name="sun.arch.data.model" value="64"/>
    <property name="java.home" value="/usr/java/jdk1.8.0_191-amd64/jre"/>
    <property name="sun.java.command" value="org.codehaus.plexus.classworlds.launcher.Launcher test"/>
    <property name="java.specification.vendor" value="Oracle Corporation"/>
    <property name="user.language" value="en"/>
    <property name="awt.toolkit" value="sun.awt.X11.XToolkit"/>
    <property name="java.vm.info" value="mixed mode"/>
    <property name="java.version" value="1.8.0_191"/>
    <property name="java.ext.dirs" value="/usr/java/jdk1.8.0_191-amd64/jre/lib/ext:/usr/java/packages/lib/ext"/>
    <property name="sun.boot.class.path" value="/usr/java/jdk1.8.0_191-amd64/jre/lib/resources.jar:/usr/java/jdk1.8.0_191-amd64/jre/lib/rt.jar:/usr/java/jdk1.8.0_191-amd64/jre/lib/sunrsasign.jar:/usr/java/jdk1.8.0_191-amd64/jre/lib/jsse.jar:/usr/java/jdk1.8.0_191-amd64/jre/lib/jce.jar:/usr/java/jdk1.8.0_191-amd64/jre/lib/charsets.jar:/usr/java/jdk1.8.0_191-amd64/jre/lib/jfr.jar:/usr/java/jdk1.8.0_191-amd64/jre/classes"/>
    <property name="java.vendor" value="Oracle Corporation"/>
    <property name="maven.home" value="/usr/share/maven"/>
    <property name="file.separator" value="/"/>
    <property name="java.vendor.url.bug" value="http://bugreport.sun.com/bugreport/"/>
    <property name="sun.cpu.endian" value="little"/>
    <property name="sun.io.unicode.encoding" value="UnicodeLittle"/>
    <property name="sun.desktop" value="gnome"/>
    <property name="sun.cpu.isalist" value=""/>
  </properties>
  <testcase classname="com.blade.BladeTest" name="testDisableSession" time="0"/>
  <testcase classname="com.blade.BladeTest" name="testThreadName" time="0"/>
  <testcase classname="com.blade.BladeTest" name="testBannerText" time="0"/>
  <testcase classname="com.blade.BladeTest" name="testBootConf" time="0"/>
  <testcase classname="com.blade.BladeTest" name="testEnv" time="0"/>
  <testcase classname="com.blade.BladeTest" name="testUse" time="0"/>
  <testcase classname="com.blade.BladeTest" name="testStart" time="0.014"/>
  <testcase classname="com.blade.BladeTest" name="testAppName" time="0"/>
  <testcase classname="com.blade.BladeTest" name="testGZIP" time="0"/>
  <testcase classname="com.blade.BladeTest" name="testExceptionHandler" time="0"/>
  <testcase classname="com.blade.BladeTest" name="testWatchEnvChange" time="0"/>
  <testcase classname="com.blade.BladeTest" name="testAddStatics" time="0"/>
  <testcase classname="com.blade.BladeTest" name="testSessionType" time="0"/>
  <testcase classname="com.blade.BladeTest" name="testTemplate" time="0"/>
  <testcase classname="com.blade.BladeTest" name="testShowFileList" time="0"/>
  <testcase classname="com.blade.BladeTest" name="testWebSocket" time="0"/>
  <testcase classname="com.blade.BladeTest" name="testGetBean" time="0"/>
  <testcase classname="com.blade.BladeTest" name="testRegister" time="0"/>
  <testcase classname="com.blade.BladeTest" name="testOnStarted" time="0.012"/>
  <testcase classname="com.blade.BladeTest" name="testListenAddress" time="5.452"/>
  <testcase classname="com.blade.BladeTest" name="testRouteCode" time="0.022"/>
  <testcase classname="com.blade.BladeTest" name="testDevMode" time="0"/>
  <testcase classname="com.blade.BladeTest" name="testEnableCors" time="0"/>
  <testcase classname="com.blade.BladeTest" name="testListen" time="4.417"/>
  <testcase classname="com.blade.BladeTest" name="testStartedEvent" time="0.001"/>
</testsuite>